app/build/intermediates/manifest_merge_blame_file/debug/processDebugMainManifest/manifest-merger-blame-debug-report.txt
1<?xml version="1.0" encoding="utf-8"?>
2<manifest xmlns:android="http://schemas.android.com/apk/res/android"
3    package="com.example.msidecoder"
4    android:versionCode="1"
5    android:versionName="1.0" >
6
7    <uses-sdk
8        android:minSdkVersion="21"
9        android:targetSdkVersion="34" />
10
11    <!-- Camera permissions -->
12    <uses-permission android:name="android.permission.CAMERA" />
12-->src\main\AndroidManifest.xml:6:5-65
12-->src\main\AndroidManifest.xml:6:22-62
13
14    <uses-feature
14-->src\main\AndroidManifest.xml:7:5-84
15        android:name="android.hardware.camera"
15-->src\main\AndroidManifest.xml:7:19-57
16        android:required="true" />
16-->src\main\AndroidManifest.xml:7:58-81
17    <uses-feature
17-->src\main\AndroidManifest.xml:8:5-95
18        android:name="android.hardware.camera.autofocus"
18-->src\main\AndroidManifest.xml:8:19-67
19        android:required="false" />
19-->src\main\AndroidManifest.xml:8:68-92
20
21    <permission
21-->[androidx.core:core:1.9.0] AndroidManifest.xml:22:5-24:47
22        android:name="com.example.msidecoder.DYNAMIC_RECEIVER_NOT_EXPORTED_PERMISSION"
22-->[androidx.core:core:1.9.0] AndroidManifest.xml:23:9-81
23        android:protectionLevel="signature" />
23-->[androidx.core:core:1.9.0] AndroidManifest.xml:24:9-44
24
25    <uses-permission android:name="com.example.msidecoder.DYNAMIC_RECEIVER_NOT_EXPORTED_PERMISSION" /> <!-- Although the *SdkVersion is captured in gradle build files, this is required for non gradle builds -->
25-->[androidx.core:core:1.9.0] AndroidManifest.xml:26:5-97
25-->[androidx.core:core:1.9.0] AndroidManifest.xml:26:22-94
26    <!-- <uses-sdk android:minSdkVersion="14"/> -->
27    <uses-permission android:name="android.permission.ACCESS_NETWORK_STATE" />
27-->[com.google.android.datatransport:transport-backend-cct:2.3.3] AndroidManifest.xml:25:5-79
27-->[com.google.android.datatransport:transport-backend-cct:2.3.3] AndroidManifest.xml:25:22-76
28    <uses-permission android:name="android.permission.INTERNET" />
28-->[com.google.android.datatransport:transport-backend-cct:2.3.3] AndroidManifest.xml:26:5-67
28-->[com.google.android.datatransport:transport-backend-cct:2.3.3] AndroidManifest.xml:26:22-64
29
30    <application
30-->src\main\AndroidManifest.xml:10:5-34:19
31        android:allowBackup="true"
31-->src\main\AndroidManifest.xml:11:9-35
32        android:appComponentFactory="androidx.core.app.CoreComponentFactory"
32-->[androidx.core:core:1.9.0] AndroidManifest.xml:28:18-86
33        android:dataExtractionRules="@xml/data_extraction_rules"
33-->src\main\AndroidManifest.xml:12:9-65
34        android:debuggable="true"
35        android:extractNativeLibs="true"
36        android:fullBackupContent="@xml/backup_rules"
36-->src\main\AndroidManifest.xml:13:9-54
37        android:label="@string/app_name"
37-->src\main\AndroidManifest.xml:14:9-41
38        android:supportsRtl="true"
38-->src\main\AndroidManifest.xml:15:9-35
39        android:testOnly="true"
40        android:theme="@style/Theme.MSIDecoder" >
40-->src\main\AndroidManifest.xml:16:9-48
41        <activity
41-->src\main\AndroidManifest.xml:19:9-27:20
42            android:name="com.example.msidecoder.MainActivity"
42-->src\main\AndroidManifest.xml:20:13-41
43            android:exported="true"
43-->src\main\AndroidManifest.xml:21:13-36
44            android:theme="@style/Theme.MSIDecoder" >
44-->src\main\AndroidManifest.xml:22:13-52
45            <intent-filter>
45-->src\main\AndroidManifest.xml:23:13-26:29
46                <action android:name="android.intent.action.MAIN" />
46-->src\main\AndroidManifest.xml:24:17-69
46-->src\main\AndroidManifest.xml:24:25-66
47
48                <category android:name="android.intent.category.LAUNCHER" />
48-->src\main\AndroidManifest.xml:25:17-77
48-->src\main\AndroidManifest.xml:25:27-74
49            </intent-filter>
50        </activity>
51
52        <!-- MLKit automatic model download -->
53        <meta-data
53-->src\main\AndroidManifest.xml:30:9-32:39
54            android:name="com.google.mlkit.vision.DEPENDENCIES"
54-->src\main\AndroidManifest.xml:31:13-64
55            android:value="barcode" />
55-->src\main\AndroidManifest.xml:32:13-36
56
57        <service
57-->[androidx.camera:camera-camera2:1.3.1] AndroidManifest.xml:24:9-33:19
58            android:name="androidx.camera.core.impl.MetadataHolderService"
58-->[androidx.camera:camera-camera2:1.3.1] AndroidManifest.xml:25:13-75
59            android:enabled="false"
59-->[androidx.camera:camera-camera2:1.3.1] AndroidManifest.xml:26:13-36
60            android:exported="false" >
60-->[androidx.camera:camera-camera2:1.3.1] AndroidManifest.xml:27:13-37
61            <meta-data
61-->[androidx.camera:camera-camera2:1.3.1] AndroidManifest.xml:30:13-32:89
62                android:name="androidx.camera.core.impl.MetadataHolderService.DEFAULT_CONFIG_PROVIDER"
62-->[androidx.camera:camera-camera2:1.3.1] AndroidManifest.xml:31:17-103
63                android:value="androidx.camera.camera2.Camera2Config$DefaultProvider" />
63-->[androidx.camera:camera-camera2:1.3.1] AndroidManifest.xml:32:17-86
64        </service>
65        <service
65-->[com.google.android.gms:play-services-mlkit-barcode-scanning:18.3.0] AndroidManifest.xml:9:9-15:19
66            android:name="com.google.mlkit.common.internal.MlKitComponentDiscoveryService"
66-->[com.google.android.gms:play-services-mlkit-barcode-scanning:18.3.0] AndroidManifest.xml:10:13-91
67            android:directBootAware="true"
67-->[com.google.mlkit:common:18.9.0] AndroidManifest.xml:17:13-43
68            android:exported="false" >
68-->[com.google.android.gms:play-services-mlkit-barcode-scanning:18.3.0] AndroidManifest.xml:11:13-37
69            <meta-data
69-->[com.google.android.gms:play-services-mlkit-barcode-scanning:18.3.0] AndroidManifest.xml:12:13-14:85
70                android:name="com.google.firebase.components:com.google.mlkit.vision.barcode.internal.BarcodeRegistrar"
70-->[com.google.android.gms:play-services-mlkit-barcode-scanning:18.3.0] AndroidManifest.xml:13:17-120
71                android:value="com.google.firebase.components.ComponentRegistrar" />
71-->[com.google.android.gms:play-services-mlkit-barcode-scanning:18.3.0] AndroidManifest.xml:14:17-82
72            <meta-data
72-->[com.google.mlkit:vision-common:17.3.0] AndroidManifest.xml:12:13-14:85
73                android:name="com.google.firebase.components:com.google.mlkit.vision.common.internal.VisionCommonRegistrar"
73-->[com.google.mlkit:vision-common:17.3.0] AndroidManifest.xml:13:17-124
74                android:value="com.google.firebase.components.ComponentRegistrar" />
74-->[com.google.mlkit:vision-common:17.3.0] AndroidManifest.xml:14:17-82
75            <meta-data
75-->[com.google.mlkit:common:18.9.0] AndroidManifest.xml:20:13-22:85
76                android:name="com.google.firebase.components:com.google.mlkit.common.internal.CommonComponentRegistrar"
76-->[com.google.mlkit:common:18.9.0] AndroidManifest.xml:21:17-120
77                android:value="com.google.firebase.components.ComponentRegistrar" />
77-->[com.google.mlkit:common:18.9.0] AndroidManifest.xml:22:17-82
78        </service>
79
80        <provider
80-->[com.google.mlkit:common:18.9.0] AndroidManifest.xml:9:9-13:38
81            android:name="com.google.mlkit.common.internal.MlKitInitProvider"
81-->[com.google.mlkit:common:18.9.0] AndroidManifest.xml:10:13-78
82            android:authorities="com.example.msidecoder.mlkitinitprovider"
82-->[com.google.mlkit:common:18.9.0] AndroidManifest.xml:11:13-69
83            android:exported="false"
83-->[com.google.mlkit:common:18.9.0] AndroidManifest.xml:12:13-37
84            android:initOrder="99" />
84-->[com.google.mlkit:common:18.9.0] AndroidManifest.xml:13:13-35
85
86        <activity
86-->[com.google.android.gms:play-services-base:18.1.0] AndroidManifest.xml:20:9-22:45
87            android:name="com.google.android.gms.common.api.GoogleApiActivity"
87-->[com.google.android.gms:play-services-base:18.1.0] AndroidManifest.xml:20:19-85
88            android:exported="false"
88-->[com.google.android.gms:play-services-base:18.1.0] AndroidManifest.xml:22:19-43
89            android:theme="@android:style/Theme.Translucent.NoTitleBar" />
89-->[com.google.android.gms:play-services-base:18.1.0] AndroidManifest.xml:21:19-78
90
91        <meta-data
91-->[com.google.android.gms:play-services-basement:18.1.0] AndroidManifest.xml:21:9-23:69
92            android:name="com.google.android.gms.version"
92-->[com.google.android.gms:play-services-basement:18.1.0] AndroidManifest.xml:22:13-58
93            android:value="@integer/google_play_services_version" />
93-->[com.google.android.gms:play-services-basement:18.1.0] AndroidManifest.xml:23:13-66
94
95        <provider
95-->[androidx.emoji2:emoji2:1.2.0] AndroidManifest.xml:24:9-32:20
96            android:name="androidx.startup.InitializationProvider"
96-->[androidx.emoji2:emoji2:1.2.0] AndroidManifest.xml:25:13-67
97            android:authorities="com.example.msidecoder.androidx-startup"
97-->[androidx.emoji2:emoji2:1.2.0] AndroidManifest.xml:26:13-68
98            android:exported="false" >
98-->[androidx.emoji2:emoji2:1.2.0] AndroidManifest.xml:27:13-37
99            <meta-data
99-->[androidx.emoji2:emoji2:1.2.0] AndroidManifest.xml:29:13-31:52
100                android:name="androidx.emoji2.text.EmojiCompatInitializer"
100-->[androidx.emoji2:emoji2:1.2.0] AndroidManifest.xml:30:17-75
101                android:value="androidx.startup" />
101-->[androidx.emoji2:emoji2:1.2.0] AndroidManifest.xml:31:17-49
102            <meta-data
102-->[androidx.lifecycle:lifecycle-process:2.6.1] AndroidManifest.xml:29:13-31:52
103                android:name="androidx.lifecycle.ProcessLifecycleInitializer"
103-->[androidx.lifecycle:lifecycle-process:2.6.1] AndroidManifest.xml:30:17-78
104                android:value="androidx.startup" />
104-->[androidx.lifecycle:lifecycle-process:2.6.1] AndroidManifest.xml:31:17-49
105            <meta-data
105-->[androidx.profileinstaller:profileinstaller:1.3.0] AndroidManifest.xml:29:13-31:52
106                android:name="androidx.profileinstaller.ProfileInstallerInitializer"
106-->[androidx.profileinstaller:profileinstaller:1.3.0] AndroidManifest.xml:30:17-85
107                android:value="androidx.startup" />
107-->[androidx.profileinstaller:profileinstaller:1.3.0] AndroidManifest.xml:31:17-49
108        </provider>
109
110        <receiver
110-->[androidx.profileinstaller:profileinstaller:1.3.0] AndroidManifest.xml:34:9-52:20
111            android:name="androidx.profileinstaller.ProfileInstallReceiver"
111-->[androidx.profileinstaller:profileinstaller:1.3.0] AndroidManifest.xml:35:13-76
112            android:directBootAware="false"
112-->[androidx.profileinstaller:profileinstaller:1.3.0] AndroidManifest.xml:36:13-44
113            android:enabled="true"
113-->[androidx.profileinstaller:profileinstaller:1.3.0] AndroidManifest.xml:37:13-35
114            android:exported="true"
114-->[androidx.profileinstaller:profileinstaller:1.3.0] AndroidManifest.xml:38:13-36
115            android:permission="android.permission.DUMP" >
115-->[androidx.profileinstaller:profileinstaller:1.3.0] AndroidManifest.xml:39:13-57
116            <intent-filter>
116-->[androidx.profileinstaller:profileinstaller:1.3.0] AndroidManifest.xml:40:13-42:29
117                <action android:name="androidx.profileinstaller.action.INSTALL_PROFILE" />
117-->[androidx.profileinstaller:profileinstaller:1.3.0] AndroidManifest.xml:41:17-91
117-->[androidx.profileinstaller:profileinstaller:1.3.0] AndroidManifest.xml:41:25-88
118            </intent-filter>
119            <intent-filter>
119-->[androidx.profileinstaller:profileinstaller:1.3.0] AndroidManifest.xml:43:13-45:29
120                <action android:name="androidx.profileinstaller.action.SKIP_FILE" />
120-->[androidx.profileinstaller:profileinstaller:1.3.0] AndroidManifest.xml:44:17-85
120-->[androidx.profileinstaller:profileinstaller:1.3.0] AndroidManifest.xml:44:25-82
121            </intent-filter>
122            <intent-filter>
122-->[androidx.profileinstaller:profileinstaller:1.3.0] AndroidManifest.xml:46:13-48:29
123                <action android:name="androidx.profileinstaller.action.SAVE_PROFILE" />
123-->[androidx.profileinstaller:profileinstaller:1.3.0] AndroidManifest.xml:47:17-88
123-->[androidx.profileinstaller:profileinstaller:1.3.0] AndroidManifest.xml:47:25-85
124            </intent-filter>
125            <intent-filter>
125-->[androidx.profileinstaller:profileinstaller:1.3.0] AndroidManifest.xml:49:13-51:29
126                <action android:name="androidx.profileinstaller.action.BENCHMARK_OPERATION" />
126-->[androidx.profileinstaller:profileinstaller:1.3.0] AndroidManifest.xml:50:17-95
126-->[androidx.profileinstaller:profileinstaller:1.3.0] AndroidManifest.xml:50:25-92
127            </intent-filter>
128        </receiver>
129
130        <service
130-->[com.google.android.datatransport:transport-backend-cct:2.3.3] AndroidManifest.xml:29:9-35:19
131            android:name="com.google.android.datatransport.runtime.backends.TransportBackendDiscovery"
131-->[com.google.android.datatransport:transport-backend-cct:2.3.3] AndroidManifest.xml:30:13-103
132            android:exported="false" >
132-->[com.google.android.datatransport:transport-backend-cct:2.3.3] AndroidManifest.xml:31:13-37
133            <meta-data
133-->[com.google.android.datatransport:transport-backend-cct:2.3.3] AndroidManifest.xml:32:13-34:39
134                android:name="backend:com.google.android.datatransport.cct.CctBackendFactory"
134-->[com.google.android.datatransport:transport-backend-cct:2.3.3] AndroidManifest.xml:33:17-94
135                android:value="cct" />
135-->[com.google.android.datatransport:transport-backend-cct:2.3.3] AndroidManifest.xml:34:17-36
136        </service>
137        <service
137-->[com.google.android.datatransport:transport-runtime:2.2.6] AndroidManifest.xml:26:9-30:19
138            android:name="com.google.android.datatransport.runtime.scheduling.jobscheduling.JobInfoSchedulerService"
138-->[com.google.android.datatransport:transport-runtime:2.2.6] AndroidManifest.xml:27:13-117
139            android:exported="false"
139-->[com.google.android.datatransport:transport-runtime:2.2.6] AndroidManifest.xml:28:13-37
140            android:permission="android.permission.BIND_JOB_SERVICE" >
140-->[com.google.android.datatransport:transport-runtime:2.2.6] AndroidManifest.xml:29:13-69
141        </service>
142
143        <receiver
143-->[com.google.android.datatransport:transport-runtime:2.2.6] AndroidManifest.xml:32:9-34:40
144            android:name="com.google.android.datatransport.runtime.scheduling.jobscheduling.AlarmManagerSchedulerBroadcastReceiver"
144-->[com.google.android.datatransport:transport-runtime:2.2.6] AndroidManifest.xml:33:13-132
145            android:exported="false" />
145-->[com.google.android.datatransport:transport-runtime:2.2.6] AndroidManifest.xml:34:13-37
146    </application>
147
148</manifest>